#
# There is insufficient memory for the Java Runtime Environment to continue.
# Native memory allocation (malloc) failed to allocate 2564176 bytes for Chunk::new
# Possible reasons:
#   The system is out of physical RAM or swap space
#   The process is running with CompressedOops enabled, and the Java Heap may be blocking the growth of the native heap
# Possible solutions:
#   Reduce memory load on the system
#   Increase physical memory or swap space
#   Check if swap backing store is full
#   Decrease Java heap size (-Xmx/-Xms)
#   Decrease number of Java threads
#   Decrease Java thread stack sizes (-Xss)
#   Set larger code cache with -XX:ReservedCodeCacheSize=
#   JVM is running with Unscaled Compressed Oops mode in which the Java heap is
#     placed in the first 4GB address space. The Java Heap base address is the
#     maximum limit for the native heap growth. Please use -XX:HeapBaseMinAddress
#     to set the Java Heap base and to place the Java Heap above 4GB virtual address.
# This output file may be truncated or incomplete.
#
#  Out of Memory Error (./src/hotspot/share/memory/arena.cpp:197), pid=7292, tid=10824
#
# JRE version: OpenJDK Runtime Environment Corretto-11.0.12.7.1 (11.0.12+7) (build 11.0.12+7-LTS)
# Java VM: OpenJDK 64-Bit Server VM Corretto-11.0.12.7.1 (11.0.12+7-LTS, mixed mode, tiered, compressed oops, g1 gc, windows-amd64)
# No core dump will be written. Minidumps are not enabled by default on client versions of Windows
#

---------------  S U M M A R Y ------------

Command Line: -Dorg.gradle.native=false -javaagent:build/tmp/expandedArchives/org.jacoco.agent-0.8.2.jar_2aca8b620b19ecd063f63feff8caaa38/jacocoagent.jar=destfile=build/jacoco/test.exec,append=true,inclnolocationclasses=false,dumponexit=true,output=file,jmx=false -Xmx512m -Dfile.encoding=UTF-8 -Duser.country=SG -Duser.language=en -Duser.variant -ea worker.org.gradle.process.internal.worker.GradleWorkerMain 'Gradle Test Executor 8'

Host: Intel(R) Core(TM) i7-8550U CPU @ 1.80GHz, 8 cores, 7G,  Windows 10 , 64 bit Build 19041 (10.0.19041.1202)
Time: Sun Oct 24 21:20:37 2021 China Standard Time elapsed time: 2.008494 seconds (0d 0h 0m 2s)

---------------  T H R E A D  ---------------

Current thread (0x0000028ba175c000):  JavaThread "C2 CompilerThread0" daemon [_thread_in_native, id=10824, stack(0x000000d4e2a00000,0x000000d4e2b00000)]


Current CompileTask:
C2:   2008 1550       4       org.jacoco.agent.rt.internal_28bab1d.asm.ClassReader::readCode (5071 bytes)

Stack: [0x000000d4e2a00000,0x000000d4e2b00000]
Native frames: (J=compiled Java code, j=interpreted, Vv=VM code, C=native code)
V  [jvm.dll+0x601d7a]
V  [jvm.dll+0x78b45e]
V  [jvm.dll+0x78cb2f]
V  [jvm.dll+0x78d1f3]
V  [jvm.dll+0x24bc58]
V  [jvm.dll+0xc219c]
V  [jvm.dll+0xc275c]
V  [jvm.dll+0x354892]
V  [jvm.dll+0x321d93]
V  [jvm.dll+0x3210ca]
V  [jvm.dll+0x205535]
V  [jvm.dll+0x20471d]
V  [jvm.dll+0x18990c]
V  [jvm.dll+0x213b57]
V  [jvm.dll+0x211d1b]
V  [jvm.dll+0x74f509]
V  [jvm.dll+0x748574]
V  [jvm.dll+0x600c16]
C  [ucrtbase.dll+0x21bb2]
C  [KERNEL32.DLL+0x17034]
C  [ntdll.dll+0x52651]


---------------  P R O C E S S  ---------------

Threads class SMR info:
_java_thread_list=0x0000028ba355e8e0, length=14, elements={
0x0000028b8586f000, 0x0000028ba172b000, 0x0000028ba1734800, 0x0000028ba20f3800,
0x0000028ba174a800, 0x0000028ba174e000, 0x0000028ba175c000, 0x0000028ba1762000,
0x0000028ba177b800, 0x0000028ba2244800, 0x0000028ba38a9000, 0x0000028ba2279800,
0x0000028ba46d7800, 0x0000028ba467f800
}

Java Threads: ( => current thread )
  0x0000028b8586f000 JavaThread "main" [_thread_blocked, id=13444, stack(0x000000d4e1e00000,0x000000d4e1f00000)]
  0x0000028ba172b000 JavaThread "Reference Handler" daemon [_thread_blocked, id=12776, stack(0x000000d4e2500000,0x000000d4e2600000)]
  0x0000028ba1734800 JavaThread "Finalizer" daemon [_thread_blocked, id=2172, stack(0x000000d4e2600000,0x000000d4e2700000)]
  0x0000028ba20f3800 JavaThread "Signal Dispatcher" daemon [_thread_blocked, id=11848, stack(0x000000d4e2700000,0x000000d4e2800000)]
  0x0000028ba174a800 JavaThread "Attach Listener" daemon [_thread_blocked, id=20540, stack(0x000000d4e2800000,0x000000d4e2900000)]
  0x0000028ba174e000 JavaThread "Service Thread" daemon [_thread_blocked, id=16092, stack(0x000000d4e2900000,0x000000d4e2a00000)]
=>0x0000028ba175c000 JavaThread "C2 CompilerThread0" daemon [_thread_in_native, id=10824, stack(0x000000d4e2a00000,0x000000d4e2b00000)]
  0x0000028ba1762000 JavaThread "C1 CompilerThread0" daemon [_thread_in_native, id=11752, stack(0x000000d4e2b00000,0x000000d4e2c00000)]
  0x0000028ba177b800 JavaThread "Sweeper thread" daemon [_thread_blocked, id=12360, stack(0x000000d4e2c00000,0x000000d4e2d00000)]
  0x0000028ba2244800 JavaThread "Common-Cleaner" daemon [_thread_blocked, id=20024, stack(0x000000d4e2d00000,0x000000d4e2e00000)]
  0x0000028ba38a9000 JavaThread "Test worker" [_thread_in_Java, id=12412, stack(0x000000d4e3300000,0x000000d4e3400000)]
  0x0000028ba2279800 JavaThread "C2 CompilerThread1" daemon [_thread_in_native, id=5584, stack(0x000000d4e2e00000,0x000000d4e2f00000)]
  0x0000028ba46d7800 JavaThread "/127.0.0.1:64686 to /127.0.0.1:64685 workers Thread 2" [_thread_blocked, id=19008, stack(0x000000d4e3400000,0x000000d4e3500000)]
  0x0000028ba467f800 JavaThread "/127.0.0.1:64686 to /127.0.0.1:64685 workers Thread 3" [_thread_in_native, id=10328, stack(0x000000d4e3500000,0x000000d4e3600000)]

Other Threads:
  0x0000028ba1718000 VMThread "VM Thread" [stack: 0x000000d4e2400000,0x000000d4e2500000] [id=10648]
  0x0000028ba25c4000 WatcherThread [stack: 0x000000d4e2f00000,0x000000d4e3000000] [id=15228]
  0x0000028b85886800 GCTaskThread "GC Thread#0" [stack: 0x000000d4e1f00000,0x000000d4e2000000] [id=14024]
  0x0000028ba2b7d800 GCTaskThread "GC Thread#1" [stack: 0x000000d4e3000000,0x000000d4e3100000] [id=17168]
  0x0000028ba3227000 GCTaskThread "GC Thread#2" [stack: 0x000000d4e3100000,0x000000d4e3200000] [id=18892]
  0x0000028b858a1000 ConcurrentGCThread "G1 Main Marker" [stack: 0x000000d4e2000000,0x000000d4e2100000] [id=2772]
  0x0000028b858a4800 ConcurrentGCThread "G1 Conc#0" [stack: 0x000000d4e2100000,0x000000d4e2200000] [id=10716]
  0x0000028b8592f800 ConcurrentGCThread "G1 Refine#0" [stack: 0x000000d4e2200000,0x000000d4e2300000] [id=19628]
  0x0000028b85930800 ConcurrentGCThread "G1 Young RemSet Sampling" [stack: 0x000000d4e2300000,0x000000d4e2400000] [id=20740]

Threads with active compile tasks:
C2 CompilerThread0   2047 1550       4       org.jacoco.agent.rt.internal_28bab1d.asm.ClassReader::readCode (5071 bytes)
C1 CompilerThread0   2047 1813       2       java.util.regex.Pattern::closure (365 bytes)
C2 CompilerThread1   2047 1558       4       org.jacoco.agent.rt.internal_28bab1d.asm.commons.AnalyzerAdapter::execute (1997 bytes)

VM state:not at safepoint (normal execution)

VM Mutex/Monitor currently owned by a thread: None

Heap address: 0x00000000e0000000, size: 512 MB, Compressed Oops mode: 32-bit
Narrow klass base: 0x0000000000000000, Narrow klass shift: 3
Compressed class space size: 1073741824 Address: 0x0000000100000000

Heap:
 garbage-first heap   total 129024K, used 55490K [0x00000000e0000000, 0x0000000100000000)
  region size 1024K, 54 young (55296K), 3 survivors (3072K)
 Metaspace       used 16230K, capacity 16776K, committed 16896K, reserved 1064960K
  class space    used 1749K, capacity 1973K, committed 2048K, reserved 1048576K
Heap Regions: E=young(eden), S=young(survivor), O=old, HS=humongous(starts), HC=humongous(continues), CS=collection set, F=free, A=archive, TAMS=top-at-mark-start (previous, next)
|   0|0x00000000e0000000, 0x00000000e0100000, 0x00000000e0100000|100%| O|  |TAMS 0x00000000e0000000, 0x00000000e0000000| Untracked 
|   1|0x00000000e0100000, 0x00000000e0130800, 0x00000000e0200000| 18%| O|  |TAMS 0x00000000e0100000, 0x00000000e0100000| Untracked 
|   2|0x00000000e0200000, 0x00000000e0200000, 0x00000000e0300000|  0%| F|  |TAMS 0x00000000e0200000, 0x00000000e0200000| Untracked 
|   3|0x00000000e0300000, 0x00000000e0300000, 0x00000000e0400000|  0%| F|  |TAMS 0x00000000e0300000, 0x00000000e0300000| Untracked 
|   4|0x00000000e0400000, 0x00000000e0400000, 0x00000000e0500000|  0%| F|  |TAMS 0x00000000e0400000, 0x00000000e0400000| Untracked 
|   5|0x00000000e0500000, 0x00000000e0500000, 0x00000000e0600000|  0%| F|  |TAMS 0x00000000e0500000, 0x00000000e0500000| Untracked 
|   6|0x00000000e0600000, 0x00000000e0600000, 0x00000000e0700000|  0%| F|  |TAMS 0x00000000e0600000, 0x00000000e0600000| Untracked 
|   7|0x00000000e0700000, 0x00000000e0700000, 0x00000000e0800000|  0%| F|  |TAMS 0x00000000e0700000, 0x00000000e0700000| Untracked 
|   8|0x00000000e0800000, 0x00000000e0800000, 0x00000000e0900000|  0%| F|  |TAMS 0x00000000e0800000, 0x00000000e0800000| Untracked 
|   9|0x00000000e0900000, 0x00000000e0900000, 0x00000000e0a00000|  0%| F|  |TAMS 0x00000000e0900000, 0x00000000e0900000| Untracked 
|  10|0x00000000e0a00000, 0x00000000e0a00000, 0x00000000e0b00000|  0%| F|  |TAMS 0x00000000e0a00000, 0x00000000e0a00000| Untracked 
|  11|0x00000000e0b00000, 0x00000000e0b00000, 0x00000000e0c00000|  0%| F|  |TAMS 0x00000000e0b00000, 0x00000000e0b00000| Untracked 
|  12|0x00000000e0c00000, 0x00000000e0c00000, 0x00000000e0d00000|  0%| F|  |TAMS 0x00000000e0c00000, 0x00000000e0c00000| Untracked 
|  13|0x00000000e0d00000, 0x00000000e0d00000, 0x00000000e0e00000|  0%| F|  |TAMS 0x00000000e0d00000, 0x00000000e0d00000| Untracked 
|  14|0x00000000e0e00000, 0x00000000e0e00000, 0x00000000e0f00000|  0%| F|  |TAMS 0x00000000e0e00000, 0x00000000e0e00000| Untracked 
|  15|0x00000000e0f00000, 0x00000000e0f00000, 0x00000000e1000000|  0%| F|  |TAMS 0x00000000e0f00000, 0x00000000e0f00000| Untracked 
|  16|0x00000000e1000000, 0x00000000e1000000, 0x00000000e1100000|  0%| F|  |TAMS 0x00000000e1000000, 0x00000000e1000000| Untracked 
|  17|0x00000000e1100000, 0x00000000e1100000, 0x00000000e1200000|  0%| F|  |TAMS 0x00000000e1100000, 0x00000000e1100000| Untracked 
|  18|0x00000000e1200000, 0x00000000e1200000, 0x00000000e1300000|  0%| F|  |TAMS 0x00000000e1200000, 0x00000000e1200000| Untracked 
|  19|0x00000000e1300000, 0x00000000e1300000, 0x00000000e1400000|  0%| F|  |TAMS 0x00000000e1300000, 0x00000000e1300000| Untracked 
|  20|0x00000000e1400000, 0x00000000e1400000, 0x00000000e1500000|  0%| F|  |TAMS 0x00000000e1400000, 0x00000000e1400000| Untracked 
|  21|0x00000000e1500000, 0x00000000e1500000, 0x00000000e1600000|  0%| F|  |TAMS 0x00000000e1500000, 0x00000000e1500000| Untracked 
|  22|0x00000000e1600000, 0x00000000e1600000, 0x00000000e1700000|  0%| F|  |TAMS 0x00000000e1600000, 0x00000000e1600000| Untracked 
|  23|0x00000000e1700000, 0x00000000e1700000, 0x00000000e1800000|  0%| F|  |TAMS 0x00000000e1700000, 0x00000000e1700000| Untracked 
|  24|0x00000000e1800000, 0x00000000e1800000, 0x00000000e1900000|  0%| F|  |TAMS 0x00000000e1800000, 0x00000000e1800000| Untracked 
|  25|0x00000000e1900000, 0x00000000e1900000, 0x00000000e1a00000|  0%| F|  |TAMS 0x00000000e1900000, 0x00000000e1900000| Untracked 
|  26|0x00000000e1a00000, 0x00000000e1a00000, 0x00000000e1b00000|  0%| F|  |TAMS 0x00000000e1a00000, 0x00000000e1a00000| Untracked 
|  27|0x00000000e1b00000, 0x00000000e1b00000, 0x00000000e1c00000|  0%| F|  |TAMS 0x00000000e1b00000, 0x00000000e1b00000| Untracked 
|  28|0x00000000e1c00000, 0x00000000e1c00000, 0x00000000e1d00000|  0%| F|  |TAMS 0x00000000e1c00000, 0x00000000e1c00000| Untracked 
|  29|0x00000000e1d00000, 0x00000000e1d00000, 0x00000000e1e00000|  0%| F|  |TAMS 0x00000000e1d00000, 0x00000000e1d00000| Untracked 
|  30|0x00000000e1e00000, 0x00000000e1e00000, 0x00000000e1f00000|  0%| F|  |TAMS 0x00000000e1e00000, 0x00000000e1e00000| Untracked 
|  31|0x00000000e1f00000, 0x00000000e1f00000, 0x00000000e2000000|  0%| F|  |TAMS 0x00000000e1f00000, 0x00000000e1f00000| Untracked 
|  32|0x00000000e2000000, 0x00000000e2000000, 0x00000000e2100000|  0%| F|  |TAMS 0x00000000e2000000, 0x00000000e2000000| Untracked 
|  33|0x00000000e2100000, 0x00000000e2100000, 0x00000000e2200000|  0%| F|  |TAMS 0x00000000e2100000, 0x00000000e2100000| Untracked 
|  34|0x00000000e2200000, 0x00000000e2200000, 0x00000000e2300000|  0%| F|  |TAMS 0x00000000e2200000, 0x00000000e2200000| Untracked 
|  35|0x00000000e2300000, 0x00000000e2300000, 0x00000000e2400000|  0%| F|  |TAMS 0x00000000e2300000, 0x00000000e2300000| Untracked 
|  36|0x00000000e2400000, 0x00000000e2400000, 0x00000000e2500000|  0%| F|  |TAMS 0x00000000e2400000, 0x00000000e2400000| Untracked 
|  37|0x00000000e2500000, 0x00000000e2500000, 0x00000000e2600000|  0%| F|  |TAMS 0x00000000e2500000, 0x00000000e2500000| Untracked 
|  38|0x00000000e2600000, 0x00000000e2600000, 0x00000000e2700000|  0%| F|  |TAMS 0x00000000e2600000, 0x00000000e2600000| Untracked 
|  39|0x00000000e2700000, 0x00000000e2700000, 0x00000000e2800000|  0%| F|  |TAMS 0x00000000e2700000, 0x00000000e2700000| Untracked 
|  40|0x00000000e2800000, 0x00000000e2800000, 0x00000000e2900000|  0%| F|  |TAMS 0x00000000e2800000, 0x00000000e2800000| Untracked 
|  41|0x00000000e2900000, 0x00000000e2900000, 0x00000000e2a00000|  0%| F|  |TAMS 0x00000000e2900000, 0x00000000e2900000| Untracked 
|  42|0x00000000e2a00000, 0x00000000e2a00000, 0x00000000e2b00000|  0%| F|  |TAMS 0x00000000e2a00000, 0x00000000e2a00000| Untracked 
|  43|0x00000000e2b00000, 0x00000000e2b00000, 0x00000000e2c00000|  0%| F|  |TAMS 0x00000000e2b00000, 0x00000000e2b00000| Untracked 
|  44|0x00000000e2c00000, 0x00000000e2c00000, 0x00000000e2d00000|  0%| F|  |TAMS 0x00000000e2c00000, 0x00000000e2c00000| Untracked 
|  45|0x00000000e2d00000, 0x00000000e2d00000, 0x00000000e2e00000|  0%| F|  |TAMS 0x00000000e2d00000, 0x00000000e2d00000| Untracked 
|  46|0x00000000e2e00000, 0x00000000e2e00000, 0x00000000e2f00000|  0%| F|  |TAMS 0x00000000e2e00000, 0x00000000e2e00000| Untracked 
|  47|0x00000000e2f00000, 0x00000000e2f00000, 0x00000000e3000000|  0%| F|  |TAMS 0x00000000e2f00000, 0x00000000e2f00000| Untracked 
|  48|0x00000000e3000000, 0x00000000e3000000, 0x00000000e3100000|  0%| F|  |TAMS 0x00000000e3000000, 0x00000000e3000000| Untracked 
|  49|0x00000000e3100000, 0x00000000e3100000, 0x00000000e3200000|  0%| F|  |TAMS 0x00000000e3100000, 0x00000000e3100000| Untracked 
|  50|0x00000000e3200000, 0x00000000e3200000, 0x00000000e3300000|  0%| F|  |TAMS 0x00000000e3200000, 0x00000000e3200000| Untracked 
|  51|0x00000000e3300000, 0x00000000e3300000, 0x00000000e3400000|  0%| F|  |TAMS 0x00000000e3300000, 0x00000000e3300000| Untracked 
|  52|0x00000000e3400000, 0x00000000e3400000, 0x00000000e3500000|  0%| F|  |TAMS 0x00000000e3400000, 0x00000000e3400000| Untracked 
|  53|0x00000000e3500000, 0x00000000e3500000, 0x00000000e3600000|  0%| F|  |TAMS 0x00000000e3500000, 0x00000000e3500000| Untracked 
|  54|0x00000000e3600000, 0x00000000e3600000, 0x00000000e3700000|  0%| F|  |TAMS 0x00000000e3600000, 0x00000000e3600000| Untracked 
|  55|0x00000000e3700000, 0x00000000e3700000, 0x00000000e3800000|  0%| F|  |TAMS 0x00000000e3700000, 0x00000000e3700000| Untracked 
|  56|0x00000000e3800000, 0x00000000e3800000, 0x00000000e3900000|  0%| F|  |TAMS 0x00000000e3800000, 0x00000000e3800000| Untracked 
|  57|0x00000000e3900000, 0x00000000e3900000, 0x00000000e3a00000|  0%| F|  |TAMS 0x00000000e3900000, 0x00000000e3900000| Untracked 
|  58|0x00000000e3a00000, 0x00000000e3a00000, 0x00000000e3b00000|  0%| F|  |TAMS 0x00000000e3a00000, 0x00000000e3a00000| Untracked 
|  59|0x00000000e3b00000, 0x00000000e3b00000, 0x00000000e3c00000|  0%| F|  |TAMS 0x00000000e3b00000, 0x00000000e3b00000| Untracked 
|  60|0x00000000e3c00000, 0x00000000e3c00000, 0x00000000e3d00000|  0%| F|  |TAMS 0x00000000e3c00000, 0x00000000e3c00000| Untracked 
|  61|0x00000000e3d00000, 0x00000000e3d00000, 0x00000000e3e00000|  0%| F|  |TAMS 0x00000000e3d00000, 0x00000000e3d00000| Untracked 
|  62|0x00000000e3e00000, 0x00000000e3e00000, 0x00000000e3f00000|  0%| F|  |TAMS 0x00000000e3e00000, 0x00000000e3e00000| Untracked 
|  63|0x00000000e3f00000, 0x00000000e3f00000, 0x00000000e4000000|  0%| F|  |TAMS 0x00000000e3f00000, 0x00000000e3f00000| Untracked 
|  64|0x00000000e4000000, 0x00000000e4000000, 0x00000000e4100000|  0%| F|  |TAMS 0x00000000e4000000, 0x00000000e4000000| Untracked 
|  65|0x00000000e4100000, 0x00000000e4100000, 0x00000000e4200000|  0%| F|  |TAMS 0x00000000e4100000, 0x00000000e4100000| Untracked 
|  66|0x00000000e4200000, 0x00000000e4200000, 0x00000000e4300000|  0%| F|  |TAMS 0x00000000e4200000, 0x00000000e4200000| Untracked 
|  67|0x00000000e4300000, 0x00000000e4300000, 0x00000000e4400000|  0%| F|  |TAMS 0x00000000e4300000, 0x00000000e4300000| Untracked 
|  68|0x00000000e4400000, 0x00000000e4400000, 0x00000000e4500000|  0%| F|  |TAMS 0x00000000e4400000, 0x00000000e4400000| Untracked 
|  69|0x00000000e4500000, 0x00000000e4500000, 0x00000000e4600000|  0%| F|  |TAMS 0x00000000e4500000, 0x00000000e4500000| Untracked 
|  70|0x00000000e4600000, 0x00000000e4600000, 0x00000000e4700000|  0%| F|  |TAMS 0x00000000e4600000, 0x00000000e4600000| Untracked 
|  71|0x00000000e4700000, 0x00000000e4700000, 0x00000000e4800000|  0%| F|  |TAMS 0x00000000e4700000, 0x00000000e4700000| Untracked 
|  72|0x00000000e4800000, 0x00000000e4900000, 0x00000000e4900000|100%| E|  |TAMS 0x00000000e4800000, 0x00000000e4800000| Complete 
|  73|0x00000000e4900000, 0x00000000e4a00000, 0x00000000e4a00000|100%| E|CS|TAMS 0x00000000e4900000, 0x00000000e4900000| Complete 
|  74|0x00000000e4a00000, 0x00000000e4b00000, 0x00000000e4b00000|100%| E|CS|TAMS 0x00000000e4a00000, 0x00000000e4a00000| Complete 
|  75|0x00000000e4b00000, 0x00000000e4c00000, 0x00000000e4c00000|100%| E|CS|TAMS 0x00000000e4b00000, 0x00000000e4b00000| Complete 
|  76|0x00000000e4c00000, 0x00000000e4d00000, 0x00000000e4d00000|100%| E|CS|TAMS 0x00000000e4c00000, 0x00000000e4c00000| Complete 
|  77|0x00000000e4d00000, 0x00000000e4e00000, 0x00000000e4e00000|100%| E|CS|TAMS 0x00000000e4d00000, 0x00000000e4d00000| Complete 
|  78|0x00000000e4e00000, 0x00000000e4f00000, 0x00000000e4f00000|100%| E|CS|TAMS 0x00000000e4e00000, 0x00000000e4e00000| Complete 
|  79|0x00000000e4f00000, 0x00000000e5000000, 0x00000000e5000000|100%| E|CS|TAMS 0x00000000e4f00000, 0x00000000e4f00000| Complete 
|  80|0x00000000e5000000, 0x00000000e5100000, 0x00000000e5100000|100%| E|CS|TAMS 0x00000000e5000000, 0x00000000e5000000| Complete 
|  81|0x00000000e5100000, 0x00000000e5200000, 0x00000000e5200000|100%| E|CS|TAMS 0x00000000e5100000, 0x00000000e5100000| Complete 
|  82|0x00000000e5200000, 0x00000000e5300000, 0x00000000e5300000|100%| E|CS|TAMS 0x00000000e5200000, 0x00000000e5200000| Complete 
|  83|0x00000000e5300000, 0x00000000e5400000, 0x00000000e5400000|100%| E|CS|TAMS 0x00000000e5300000, 0x00000000e5300000| Complete 
|  84|0x00000000e5400000, 0x00000000e5500000, 0x00000000e5500000|100%| E|CS|TAMS 0x00000000e5400000, 0x00000000e5400000| Complete 
|  85|0x00000000e5500000, 0x00000000e5600000, 0x00000000e5600000|100%| E|CS|TAMS 0x00000000e5500000, 0x00000000e5500000| Complete 
|  86|0x00000000e5600000, 0x00000000e5700000, 0x00000000e5700000|100%| E|CS|TAMS 0x00000000e5600000, 0x00000000e5600000| Complete 
|  87|0x00000000e5700000, 0x00000000e5800000, 0x00000000e5800000|100%| E|CS|TAMS 0x00000000e5700000, 0x00000000e5700000| Complete 
|  88|0x00000000e5800000, 0x00000000e5900000, 0x00000000e5900000|100%| E|CS|TAMS 0x00000000e5800000, 0x00000000e5800000| Complete 
|  89|0x00000000e5900000, 0x00000000e5a00000, 0x00000000e5a00000|100%| E|CS|TAMS 0x00000000e5900000, 0x00000000e5900000| Complete 
|  90|0x00000000e5a00000, 0x00000000e5b00000, 0x00000000e5b00000|100%| E|CS|TAMS 0x00000000e5a00000, 0x00000000e5a00000| Complete 
|  91|0x00000000e5b00000, 0x00000000e5c00000, 0x00000000e5c00000|100%| E|CS|TAMS 0x00000000e5b00000, 0x00000000e5b00000| Complete 
|  92|0x00000000e5c00000, 0x00000000e5d00000, 0x00000000e5d00000|100%| E|CS|TAMS 0x00000000e5c00000, 0x00000000e5c00000| Complete 
|  93|0x00000000e5d00000, 0x00000000e5e00000, 0x00000000e5e00000|100%| E|CS|TAMS 0x00000000e5d00000, 0x00000000e5d00000| Complete 
|  94|0x00000000e5e00000, 0x00000000e5f00000, 0x00000000e5f00000|100%| E|CS|TAMS 0x00000000e5e00000, 0x00000000e5e00000| Complete 
|  95|0x00000000e5f00000, 0x00000000e6000000, 0x00000000e6000000|100%| E|CS|TAMS 0x00000000e5f00000, 0x00000000e5f00000| Complete 
|  96|0x00000000e6000000, 0x00000000e6100000, 0x00000000e6100000|100%| E|CS|TAMS 0x00000000e6000000, 0x00000000e6000000| Complete 
|  97|0x00000000e6100000, 0x00000000e6200000, 0x00000000e6200000|100%| E|CS|TAMS 0x00000000e6100000, 0x00000000e6100000| Complete 
|  98|0x00000000e6200000, 0x00000000e6300000, 0x00000000e6300000|100%| E|CS|TAMS 0x00000000e6200000, 0x00000000e6200000| Complete 
|  99|0x00000000e6300000, 0x00000000e6400000, 0x00000000e6400000|100%| S|CS|TAMS 0x00000000e6300000, 0x00000000e6300000| Complete 
| 100|0x00000000e6400000, 0x00000000e6500000, 0x00000000e6500000|100%| S|CS|TAMS 0x00000000e6400000, 0x00000000e6400000| Complete 
| 101|0x00000000e6500000, 0x00000000e6600000, 0x00000000e6600000|100%| S|CS|TAMS 0x00000000e6500000, 0x00000000e6500000| Complete 
| 102|0x00000000e6600000, 0x00000000e6700000, 0x00000000e6700000|100%| E|CS|TAMS 0x00000000e6600000, 0x00000000e6600000| Complete 
| 103|0x00000000e6700000, 0x00000000e6800000, 0x00000000e6800000|100%| E|CS|TAMS 0x00000000e6700000, 0x00000000e6700000| Complete 
| 104|0x00000000e6800000, 0x00000000e6900000, 0x00000000e6900000|100%| E|CS|TAMS 0x00000000e6800000, 0x00000000e6800000| Complete 
| 105|0x00000000e6900000, 0x00000000e6a00000, 0x00000000e6a00000|100%| E|CS|TAMS 0x00000000e6900000, 0x00000000e6900000| Complete 
| 106|0x00000000e6a00000, 0x00000000e6b00000, 0x00000000e6b00000|100%| E|CS|TAMS 0x00000000e6a00000, 0x00000000e6a00000| Complete 
| 107|0x00000000e6b00000, 0x00000000e6c00000, 0x00000000e6c00000|100%| E|CS|TAMS 0x00000000e6b00000, 0x00000000e6b00000| Complete 
| 108|0x00000000e6c00000, 0x00000000e6d00000, 0x00000000e6d00000|100%| E|CS|TAMS 0x00000000e6c00000, 0x00000000e6c00000| Complete 
| 109|0x00000000e6d00000, 0x00000000e6e00000, 0x00000000e6e00000|100%| E|CS|TAMS 0x00000000e6d00000, 0x00000000e6d00000| Complete 
| 110|0x00000000e6e00000, 0x00000000e6f00000, 0x00000000e6f00000|100%| E|CS|TAMS 0x00000000e6e00000, 0x00000000e6e00000| Complete 
| 111|0x00000000e6f00000, 0x00000000e7000000, 0x00000000e7000000|100%| E|CS|TAMS 0x00000000e6f00000, 0x00000000e6f00000| Complete 
| 112|0x00000000e7000000, 0x00000000e7100000, 0x00000000e7100000|100%| E|CS|TAMS 0x00000000e7000000, 0x00000000e7000000| Complete 
| 113|0x00000000e7100000, 0x00000000e7200000, 0x00000000e7200000|100%| E|CS|TAMS 0x00000000e7100000, 0x00000000e7100000| Complete 
| 114|0x00000000e7200000, 0x00000000e7300000, 0x00000000e7300000|100%| E|CS|TAMS 0x00000000e7200000, 0x00000000e7200000| Complete 
| 115|0x00000000e7300000, 0x00000000e7400000, 0x00000000e7400000|100%| E|CS|TAMS 0x00000000e7300000, 0x00000000e7300000| Complete 
| 116|0x00000000e7400000, 0x00000000e7500000, 0x00000000e7500000|100%| E|CS|TAMS 0x00000000e7400000, 0x00000000e7400000| Complete 
| 117|0x00000000e7500000, 0x00000000e7600000, 0x00000000e7600000|100%| E|CS|TAMS 0x00000000e7500000, 0x00000000e7500000| Complete 
| 118|0x00000000e7600000, 0x00000000e7700000, 0x00000000e7700000|100%| E|CS|TAMS 0x00000000e7600000, 0x00000000e7600000| Complete 
| 119|0x00000000e7700000, 0x00000000e7800000, 0x00000000e7800000|100%| E|CS|TAMS 0x00000000e7700000, 0x00000000e7700000| Complete 
| 120|0x00000000e7800000, 0x00000000e7900000, 0x00000000e7900000|100%| E|CS|TAMS 0x00000000e7800000, 0x00000000e7800000| Complete 
| 121|0x00000000e7900000, 0x00000000e7a00000, 0x00000000e7a00000|100%| E|CS|TAMS 0x00000000e7900000, 0x00000000e7900000| Complete 
| 122|0x00000000e7a00000, 0x00000000e7b00000, 0x00000000e7b00000|100%| E|CS|TAMS 0x00000000e7a00000, 0x00000000e7a00000| Complete 
| 123|0x00000000e7b00000, 0x00000000e7c00000, 0x00000000e7c00000|100%| E|CS|TAMS 0x00000000e7b00000, 0x00000000e7b00000| Complete 
| 124|0x00000000e7c00000, 0x00000000e7d00000, 0x00000000e7d00000|100%| E|CS|TAMS 0x00000000e7c00000, 0x00000000e7c00000| Complete 
| 125|0x00000000e7d00000, 0x00000000e7e00000, 0x00000000e7e00000|100%| E|CS|TAMS 0x00000000e7d00000, 0x00000000e7d00000| Complete 

Card table byte_map: [0x0000028b9db00000,0x0000028b9dc00000] _byte_map_base: 0x0000028b9d400000

Marking Bits (Prev, Next): (CMBitMap*) 0x0000028b8589e5b8, (CMBitMap*) 0x0000028b8589e5f0
 Prev Bits: [0x0000028b9dd00000, 0x0000028b9e500000)
 Next Bits: [0x0000028b9e500000, 0x0000028b9ed00000)

Polling page: 0x0000028b84040000

Metaspace:

Usage:
  Non-class:     14.46 MB capacity,    14.15 MB ( 98%) used,   269.05 KB (  2%) free+waste,    45.44 KB ( <1%) overhead. 
      Class:      1.93 MB capacity,     1.71 MB ( 89%) used,   199.84 KB ( 10%) free+waste,    22.81 KB (  1%) overhead. 
       Both:     16.38 MB capacity,    15.86 MB ( 97%) used,   468.89 KB (  3%) free+waste,    68.25 KB ( <1%) overhead. 

Virtual space:
  Non-class space:       16.00 MB reserved,      14.50 MB ( 91%) committed 
      Class space:        1.00 GB reserved,       2.00 MB ( <1%) committed 
             Both:        1.02 GB reserved,      16.50 MB (  2%) committed 

Chunk freelists:
   Non-Class:  45.00 KB
       Class:  0 bytes
        Both:  45.00 KB

MaxMetaspaceSize: 17179869184.00 GB
CompressedClassSpaceSize: 1.00 GB
Initial GC threshold: 20.80 MB
Current GC threshold: 20.80 MB
CDS: off

CodeHeap 'non-profiled nmethods': size=120000Kb used=692Kb max_used=692Kb free=119308Kb
 bounds [0x0000028b95a60000, 0x0000028b95cd0000, 0x0000028b9cf90000]
CodeHeap 'profiled nmethods': size=120000Kb used=4022Kb max_used=4022Kb free=115978Kb
 bounds [0x0000028b8e530000, 0x0000028b8e920000, 0x0000028b95a60000]
CodeHeap 'non-nmethods': size=5760Kb used=1164Kb max_used=1197Kb free=4595Kb
 bounds [0x0000028b8df90000, 0x0000028b8e200000, 0x0000028b8e530000]
 total_blobs=2212 nmethods=1799 adapters=325
 compilation: enabled
              stopped_count=0, restarted_count=0
 full_count=0

Compilation events (20 events):
Event: 1.988 Thread 0x0000028ba1762000 1768       2       jdk.internal.reflect.ConstantPool::getUTF8At (10 bytes)
Event: 1.988 Thread 0x0000028ba1762000 nmethod 1768 0x0000028b8e90ca90 code [0x0000028b8e90cc40, 0x0000028b8e90cd48]
Event: 1.990 Thread 0x0000028ba1762000 1770       2       org.jacoco.agent.rt.internal_28bab1d.asm.AnnotationWriter::visitEnum (63 bytes)
Event: 1.990 Thread 0x0000028ba1762000 nmethod 1770 0x0000028b8e90ce10 code [0x0000028b8e90d000, 0x0000028b8e90d238]
Event: 1.991 Thread 0x0000028ba1762000 1772       2       java.lang.Character::valueOf (21 bytes)
Event: 1.991 Thread 0x0000028ba1762000 nmethod 1772 0x0000028b8e90d490 code [0x0000028b8e90d640, 0x0000028b8e90d7b8]
Event: 1.991 Thread 0x0000028ba1762000 1771       2       java.util.TreeMap::get (19 bytes)
Event: 1.991 Thread 0x0000028ba1762000 nmethod 1771 0x0000028b8e90d890 code [0x0000028b8e90da40, 0x0000028b8e90db88]
Event: 1.993 Thread 0x0000028ba1762000 1773       2       jdk.internal.reflect.DelegatingConstructorAccessorImpl::newInstance (9 bytes)
Event: 1.994 Thread 0x0000028ba1762000 nmethod 1773 0x0000028b8e90dc90 code [0x0000028b8e90de40, 0x0000028b8e90df68]
Event: 1.994 Thread 0x0000028ba1762000 1774       2       jdk.internal.org.objectweb.asm.MethodVisitor::visitInsn (16 bytes)
Event: 1.994 Thread 0x0000028ba1762000 nmethod 1774 0x0000028b8e90e010 code [0x0000028b8e90e1c0, 0x0000028b8e90e2e8]
Event: 1.995 Thread 0x0000028ba1762000 1776       2       java.lang.invoke.InvokerBytecodeGenerator::emitImplicitConversion (159 bytes)
Event: 1.996 Thread 0x0000028ba1762000 nmethod 1776 0x0000028b8e90e390 code [0x0000028b8e90e620, 0x0000028b8e90ec98]
Event: 1.997 Thread 0x0000028ba1762000 1777       2       sun.invoke.util.BytecodeDescriptor::unparseMethod (66 bytes)
Event: 1.998 Thread 0x0000028ba1762000 nmethod 1777 0x0000028b8e90f010 code [0x0000028b8e90f220, 0x0000028b8e90f628]
Event: 2.000 Thread 0x0000028ba1762000 1778       2       java.lang.invoke.Invokers::checkCustomized (23 bytes)
Event: 2.000 Thread 0x0000028ba1762000 nmethod 1778 0x0000028b8e90f890 code [0x0000028b8e90fa40, 0x0000028b8e90fb48]
Event: 2.002 Thread 0x0000028ba1762000 1779       2       org.junit.platform.engine.support.descriptor.AbstractTestDescriptor::$jacocoInit (53 bytes)
Event: 2.002 Thread 0x0000028ba1762000 nmethod 1779 0x0000028b8e90fc10 code [0x0000028b8e90fe00, 0x0000028b8e910318]

GC Heap History (2 events):
Event: 0.796 GC heap before
{Heap before GC invocations=0 (full 0):
 garbage-first heap   total 129024K, used 23552K [0x00000000e0000000, 0x0000000100000000)
  region size 1024K, 24 young (24576K), 0 survivors (0K)
 Metaspace       used 10274K, capacity 10539K, committed 10880K, reserved 1058816K
  class space    used 988K, capacity 1064K, committed 1152K, reserved 1048576K
}
Event: 0.801 GC heap after
{Heap after GC invocations=1 (full 0):
 garbage-first heap   total 129024K, used 4290K [0x00000000e0000000, 0x0000000100000000)
  region size 1024K, 3 young (3072K), 3 survivors (3072K)
 Metaspace       used 10274K, capacity 10539K, committed 10880K, reserved 1058816K
  class space    used 988K, capacity 1064K, committed 1152K, reserved 1048576K
}

Deoptimization events (20 events):
Event: 1.544 Thread 0x0000028ba467f800 DEOPT PACKING pc=0x0000028b8e617ada sp=0x000000d4e35fa220
Event: 1.544 Thread 0x0000028ba467f800 DEOPT UNPACKING pc=0x0000028b8dfda95e sp=0x000000d4e35f96d0 mode 0
Event: 1.576 Thread 0x0000028ba38a9000 Uncommon trap: trap_request=0xffffff4d fr.pc=0x0000028b95aa14b0 relative=0x0000000000000090
Event: 1.576 Thread 0x0000028ba38a9000 Uncommon trap: reason=unstable_if action=reinterpret pc=0x0000028b95aa14b0 method=org.jacoco.agent.rt.internal_28bab1d.asm.MethodVisitor.visitLocalVariable(Ljava/lang/String;Ljava/lang/String;Ljava/lang/String;Lorg/jacoco/agent/rt/internal_28bab1d/asm/Lab
Event: 1.576 Thread 0x0000028ba38a9000 DEOPT PACKING pc=0x0000028b95aa14b0 sp=0x000000d4e33f9c20
Event: 1.576 Thread 0x0000028ba38a9000 DEOPT UNPACKING pc=0x0000028b8dfda1af sp=0x000000d4e33f9ba8 mode 2
Event: 1.576 Thread 0x0000028ba38a9000 Uncommon trap: trap_request=0xffffff4d fr.pc=0x0000028b95a99d94 relative=0x0000000000000074
Event: 1.576 Thread 0x0000028ba38a9000 Uncommon trap: reason=unstable_if action=reinterpret pc=0x0000028b95a99d94 method=org.jacoco.agent.rt.internal_28bab1d.asm.MethodVisitor.visitVarInsn(II)V @ 4 c2
Event: 1.576 Thread 0x0000028ba38a9000 DEOPT PACKING pc=0x0000028b95a99d94 sp=0x000000d4e33f9be0
Event: 1.576 Thread 0x0000028ba38a9000 DEOPT UNPACKING pc=0x0000028b8dfda1af sp=0x000000d4e33f9b68 mode 2
Event: 1.577 Thread 0x0000028ba38a9000 DEOPT PACKING pc=0x0000028b8e617ada sp=0x000000d4e33f9ae0
Event: 1.577 Thread 0x0000028ba38a9000 DEOPT UNPACKING pc=0x0000028b8dfda95e sp=0x000000d4e33f8f80 mode 0
Event: 1.621 Thread 0x0000028ba38a9000 DEOPT PACKING pc=0x0000028b8e617ada sp=0x000000d4e33f87a0
Event: 1.621 Thread 0x0000028ba38a9000 DEOPT UNPACKING pc=0x0000028b8dfda95e sp=0x000000d4e33f7c40 mode 0
Event: 1.667 Thread 0x0000028ba38a9000 Uncommon trap: trap_request=0xffffff4d fr.pc=0x0000028b95a61410 relative=0x0000000000000070
Event: 1.667 Thread 0x0000028ba38a9000 Uncommon trap: reason=unstable_if action=reinterpret pc=0x0000028b95a61410 method=java.lang.String.isLatin1()Z @ 10 c2
Event: 1.667 Thread 0x0000028ba38a9000 DEOPT PACKING pc=0x0000028b95a61410 sp=0x000000d4e33fbf70
Event: 1.667 Thread 0x0000028ba38a9000 DEOPT UNPACKING pc=0x0000028b8dfda1af sp=0x000000d4e33fbeb0 mode 2
Event: 1.680 Thread 0x0000028ba38a9000 DEOPT PACKING pc=0x0000028b8e617ada sp=0x000000d4e33f84f0
Event: 1.680 Thread 0x0000028ba38a9000 DEOPT UNPACKING pc=0x0000028b8dfda95e sp=0x000000d4e33f7990 mode 0

Classes redefined (0 events):
No events

Internal exceptions (20 events):
Event: 1.040 Thread 0x0000028b8586f000 Exception <a 'java/lang/NoSuchMethodError'{0x00000000e7047e08}: 'java.lang.Object java.lang.invoke.DirectMethodHandle$Holder.invokeStaticInit(java.lang.Object, int, int, int, int)'> (0x00000000e7047e08) thrown at [./src/hotspot/share/interpreter/linkResolver.cpp, line 773]
Event: 1.490 Thread 0x0000028b8586f000 Exception <a 'java/lang/NoSuchMethodError'{0x00000000e70efe90}: 'java.lang.Object java.lang.invoke.DirectMethodHandle$Holder.invokeStaticInit(java.lang.Object, java.lang.Object, int, int, int, int)'> (0x00000000e70efe90) thrown at [./src/hotspot/share/interpreter/linkResolver.cpp, line 773]
Event: 1.640 Thread 0x0000028ba38a9000 Exception <a 'java/lang/NoSuchMethodError'{0x00000000e61ccae8}: 'int java.lang.invoke.DirectMethodHandle$Holder.invokeVirtual(java.lang.Object, java.lang.Object)'> (0x00000000e61ccae8) thrown at [./src/hotspot/share/interpreter/linkResolver.cpp, line 773]
Event: 1.670 Thread 0x0000028ba38a9000 Exception <a 'java/lang/NoSuchMethodError'{0x00000000e60f58a0}: 'java.lang.Object java.lang.invoke.DirectMethodHandle$Holder.invokeStaticInit(java.lang.Object, int)'> (0x00000000e60f58a0) thrown at [./src/hotspot/share/interpreter/linkResolver.cpp, line 773]
Event: 1.690 Thread 0x0000028ba38a9000 Exception <a 'java/lang/NoSuchMethodError'{0x00000000e5e92d08}: 'int java.lang.invoke.DirectMethodHandle$Holder.invokeSpecialIFC(java.lang.Object, java.lang.Object, java.lang.Object, java.lang.Object)'> (0x00000000e5e92d08) thrown at [./src/hotspot/share/interpreter/linkResolver.cpp, line 773]
Event: 1.733 Thread 0x0000028ba38a9000 Exception <a 'java/lang/NoSuchMethodError'{0x00000000e5ac6890}: 'java.lang.Object java.lang.invoke.DirectMethodHandle$Holder.invokeStaticInit(java.lang.Object, java.lang.Object, java.lang.Object)'> (0x00000000e5ac6890) thrown at [./src/hotspot/share/interpreter/linkResolver.cpp, line 773]
Event: 1.734 Thread 0x0000028ba38a9000 Exception <a 'java/lang/NoSuchMethodError'{0x00000000e5acd2f8}: 'void java.lang.invoke.DirectMethodHandle$Holder.invokeStaticInit(java.lang.Object, java.lang.Object, java.lang.Object)'> (0x00000000e5acd2f8) thrown at [./src/hotspot/share/interpreter/linkResolver.cpp, line 773]
Event: 1.736 Thread 0x0000028ba38a9000 Exception <a 'java/lang/IncompatibleClassChangeError'{0x00000000e5ae6500}: Found class java.lang.Object, but interface was expected> (0x00000000e5ae6500) thrown at [./src/hotspot/share/interpreter/linkResolver.cpp, line 839]
Event: 1.782 Thread 0x0000028ba38a9000 Exception <a 'java/lang/NoSuchMethodError'{0x00000000e566ed78}: 'java.lang.Object java.lang.invoke.DirectMethodHandle$Holder.invokeSpecialIFC(java.lang.Object, java.lang.Object, java.lang.Object, java.lang.Object)'> (0x00000000e566ed78) thrown at [./src/hotspot/share/interpreter/linkResolver.cpp, line 773]
Event: 1.829 Thread 0x0000028ba38a9000 Exception <a 'java/lang/NoSuchMethodError'{0x00000000e530e0a0}: 'int java.lang.invoke.DirectMethodHandle$Holder.invokeVirtual(java.lang.Object, java.lang.Object, java.lang.Object)'> (0x00000000e530e0a0) thrown at [./src/hotspot/share/interpreter/linkResolver.cpp, line 773]
Event: 1.832 Thread 0x0000028ba38a9000 Exception <a 'java/lang/NoSuchMethodError'{0x00000000e5339aa0}: 'void java.lang.invoke.DirectMethodHandle$Holder.invokeInterface(java.lang.Object, java.lang.Object)'> (0x00000000e5339aa0) thrown at [./src/hotspot/share/interpreter/linkResolver.cpp, line 773]
Event: 1.833 Thread 0x0000028ba38a9000 Exception <a 'java/lang/IncompatibleClassChangeError'{0x00000000e533c9a8}: Found class java.lang.Object, but interface was expected> (0x00000000e533c9a8) thrown at [./src/hotspot/share/interpreter/linkResolver.cpp, line 839]
Event: 1.835 Thread 0x0000028ba38a9000 Exception <a 'java/lang/NoSuchMethodError'{0x00000000e535a228}: 'void java.lang.invoke.DirectMethodHandle$Holder.invokeStatic(java.lang.Object, java.lang.Object, java.lang.Object, java.lang.Object)'> (0x00000000e535a228) thrown at [./src/hotspot/share/interpreter/linkResolver.cpp, line 773]
Event: 1.847 Thread 0x0000028ba38a9000 Exception <a 'java/lang/NoSuchMethodError'{0x00000000e53eec00}: 'void java.lang.invoke.DirectMethodHandle$Holder.invokeInterface(java.lang.Object, java.lang.Object, java.lang.Object, java.lang.Object)'> (0x00000000e53eec00) thrown at [./src/hotspot/share/interpreter/linkResolver.cpp, line 773]
Event: 1.847 Thread 0x0000028ba38a9000 Exception <a 'java/lang/IncompatibleClassChangeError'{0x00000000e53f1c68}: Found class java.lang.Object, but interface was expected> (0x00000000e53f1c68) thrown at [./src/hotspot/share/interpreter/linkResolver.cpp, line 839]
Event: 1.895 Thread 0x0000028ba38a9000 Exception <a 'java/lang/NoSuchMethodError'{0x00000000e50e44e0}: 'void java.lang.invoke.DirectMethodHandle$Holder.invokeSpecial(java.lang.Object, java.lang.Object)'> (0x00000000e50e44e0) thrown at [./src/hotspot/share/interpreter/linkResolver.cpp, line 773]
Event: 1.914 Thread 0x0000028ba38a9000 Exception <a 'java/lang/NoSuchMethodError'{0x00000000e4e7e9b8}: 'int java.lang.invoke.DirectMethodHandle$Holder.invokeStatic(java.lang.Object, java.lang.Object, java.lang.Object, java.lang.Object, java.lang.Object)'> (0x00000000e4e7e9b8) thrown at [./src/hotspot/share/interpreter/linkResolver.cpp, line 773]
Event: 1.951 Thread 0x0000028ba38a9000 Exception <a 'java/lang/NoSuchMethodError'{0x00000000e4ce3f00}: 'int java.lang.invoke.DirectMethodHandle$Holder.invokeStaticInit(java.lang.Object, java.lang.Object, java.lang.Object)'> (0x00000000e4ce3f00) thrown at [./src/hotspot/share/interpreter/linkResolver.cpp, line 773]
Event: 1.984 Thread 0x0000028ba38a9000 Exception <a 'java/lang/NoSuchMethodError'{0x00000000e4a05fb0}: 'int java.lang.invoke.DirectMethodHandle$Holder.invokeStaticInit(java.lang.Object, java.lang.Object)'> (0x00000000e4a05fb0) thrown at [./src/hotspot/share/interpreter/linkResolver.cpp, line 773]
Event: 1.995 Thread 0x0000028ba38a9000 Exception <a 'java/lang/NoSuchMethodError'{0x00000000e4a6d778}: 'java.lang.Object java.lang.invoke.DirectMethodHandle$Holder.invokeInterface(java.lang.Object, java.lang.Object, java.lang.Object)'> (0x00000000e4a6d778) thrown at [./src/hotspot/share/interpreter/linkResolver.cpp, line 773]

Events (20 events):
Event: 1.999 loading class org/junit/jupiter/engine/extension/TempDirectory
Event: 1.999 loading class org/junit/jupiter/engine/extension/TempDirectory done
Event: 2.000 loading class org/junit/jupiter/api/extension/TestInstances
Event: 2.000 loading class org/junit/jupiter/api/extension/TestInstances done
Event: 2.000 loading class org/junit/jupiter/engine/descriptor/MethodExtensionContext
Event: 2.000 loading class org/junit/jupiter/engine/descriptor/MethodExtensionContext done
Event: 2.002 loading class org/junit/jupiter/engine/execution/JupiterEngineExecutionContext
Event: 2.002 loading class org/junit/jupiter/engine/execution/JupiterEngineExecutionContext done
Event: 2.002 loading class org/junit/jupiter/engine/execution/JupiterEngineExecutionContext
Event: 2.002 loading class org/junit/jupiter/engine/execution/JupiterEngineExecutionContext done
Event: 2.002 loading class org/junit/jupiter/engine/execution/TestInstancesProvider
Event: 2.002 loading class org/junit/jupiter/engine/execution/TestInstancesProvider done
Event: 2.002 loading class org/junit/jupiter/api/extension/TestInstances
Event: 2.002 loading class org/junit/jupiter/api/extension/TestInstances done
Event: 2.003 loading class org/junit/jupiter/engine/execution/TestInstancesProvider
Event: 2.003 loading class org/junit/jupiter/engine/execution/TestInstancesProvider done
Event: 2.003 loading class org/junit/jupiter/api/extension/TestInstances
Event: 2.003 loading class org/junit/jupiter/api/extension/TestInstances done
Event: 2.004 loading class seedu/address/model/ModelManager
Event: 2.004 loading class seedu/address/model/ModelManager done


Dynamic libraries:
0x00007ff6ccd90000 - 0x00007ff6ccd9d000 	C:\Users\Gao Haochun\.jdks\corretto-11.0.12\bin\java.exe
0x00007ffe9de30000 - 0x00007ffe9e025000 	C:\WINDOWS\SYSTEM32\ntdll.dll
0x00007ffe9dcb0000 - 0x00007ffe9dd6e000 	C:\WINDOWS\System32\KERNEL32.DLL
0x00007ffe9bb60000 - 0x00007ffe9be29000 	C:\WINDOWS\System32\KERNELBASE.dll
0x00007ffe9b550000 - 0x00007ffe9b650000 	C:\WINDOWS\System32\ucrtbase.dll
0x00007ffe95870000 - 0x00007ffe95887000 	C:\Users\Gao Haochun\.jdks\corretto-11.0.12\bin\jli.dll
0x00007ffe95850000 - 0x00007ffe95869000 	C:\Users\Gao Haochun\.jdks\corretto-11.0.12\bin\VCRUNTIME140.dll
0x00007ffe9d620000 - 0x00007ffe9d7c1000 	C:\WINDOWS\System32\USER32.dll
0x00007ffe92ff0000 - 0x00007ffe9328a000 	C:\WINDOWS\WinSxS\amd64_microsoft.windows.common-controls_6595b64144ccf1df_6.0.19041.1110_none_60b5254171f9507e\COMCTL32.dll
0x00007ffe9b7c0000 - 0x00007ffe9b7e2000 	C:\WINDOWS\System32\win32u.dll
0x00007ffe9cab0000 - 0x00007ffe9cadb000 	C:\WINDOWS\System32\GDI32.dll
0x00007ffe9cdb0000 - 0x00007ffe9ce4e000 	C:\WINDOWS\System32\msvcrt.dll
0x00007ffe9b6b0000 - 0x00007ffe9b7bb000 	C:\WINDOWS\System32\gdi32full.dll
0x00007ffe9b820000 - 0x00007ffe9b8bd000 	C:\WINDOWS\System32\msvcp_win.dll
0x00007ffe9cf70000 - 0x00007ffe9cfa0000 	C:\WINDOWS\System32\IMM32.DLL
0x00007ffe957b0000 - 0x00007ffe9584b000 	C:\Users\Gao Haochun\.jdks\corretto-11.0.12\bin\msvcp140.dll
0x00007ffe3fc40000 - 0x00007ffe4079a000 	C:\Users\Gao Haochun\.jdks\corretto-11.0.12\bin\server\jvm.dll
0x00007ffe9c090000 - 0x00007ffe9c13c000 	C:\WINDOWS\System32\ADVAPI32.dll
0x00007ffe9be80000 - 0x00007ffe9bf1b000 	C:\WINDOWS\System32\sechost.dll
0x00007ffe9c160000 - 0x00007ffe9c28a000 	C:\WINDOWS\System32\RPCRT4.dll
0x00007ffe9c150000 - 0x00007ffe9c158000 	C:\WINDOWS\System32\PSAPI.DLL
0x00007ffe8f930000 - 0x00007ffe8f939000 	C:\WINDOWS\SYSTEM32\WSOCK32.dll
0x00007ffe8acc0000 - 0x00007ffe8ace7000 	C:\WINDOWS\SYSTEM32\WINMM.dll
0x00007ffe96b40000 - 0x00007ffe96b4a000 	C:\WINDOWS\SYSTEM32\VERSION.dll
0x00007ffe9cc90000 - 0x00007ffe9ccfb000 	C:\WINDOWS\System32\WS2_32.dll
0x00007ffe99e20000 - 0x00007ffe99e32000 	C:\WINDOWS\SYSTEM32\kernel.appcore.dll
0x00007ffe92930000 - 0x00007ffe92940000 	C:\Users\Gao Haochun\.jdks\corretto-11.0.12\bin\verify.dll
0x00007ffe99340000 - 0x00007ffe99524000 	C:\WINDOWS\SYSTEM32\DBGHELP.DLL
0x00007ffe94bf0000 - 0x00007ffe94c1c000 	C:\WINDOWS\SYSTEM32\dbgcore.DLL
0x00007ffe9bad0000 - 0x00007ffe9bb53000 	C:\WINDOWS\System32\bcryptPrimitives.dll
0x00007ffe77b60000 - 0x00007ffe77b88000 	C:\Users\Gao Haochun\.jdks\corretto-11.0.12\bin\java.dll
0x00007ffe8c980000 - 0x00007ffe8c98a000 	C:\Users\Gao Haochun\.jdks\corretto-11.0.12\bin\jimage.dll
0x00007ffe7a290000 - 0x00007ffe7a29e000 	C:\Users\Gao Haochun\.jdks\corretto-11.0.12\bin\instrument.dll
0x00007ffe78110000 - 0x00007ffe78127000 	C:\Users\Gao Haochun\.jdks\corretto-11.0.12\bin\zip.dll
0x00007ffe9c2a0000 - 0x00007ffe9c9df000 	C:\WINDOWS\System32\SHELL32.dll
0x00007ffe99630000 - 0x00007ffe99dc0000 	C:\WINDOWS\SYSTEM32\windows.storage.dll
0x00007ffe9d0b0000 - 0x00007ffe9d405000 	C:\WINDOWS\System32\combase.dll
0x00007ffe9aed0000 - 0x00007ffe9aefc000 	C:\WINDOWS\SYSTEM32\Wldp.dll
0x00007ffe9bfe0000 - 0x00007ffe9c08d000 	C:\WINDOWS\System32\SHCORE.dll
0x00007ffe9dc50000 - 0x00007ffe9dca5000 	C:\WINDOWS\System32\shlwapi.dll
0x00007ffe9b490000 - 0x00007ffe9b4af000 	C:\WINDOWS\SYSTEM32\profapi.dll
0x00007ffe776a0000 - 0x00007ffe776b9000 	C:\Users\Gao Haochun\.jdks\corretto-11.0.12\bin\net.dll
0x00007ffe97ab0000 - 0x00007ffe97bb8000 	C:\WINDOWS\SYSTEM32\WINHTTP.dll
0x00007ffe9ac30000 - 0x00007ffe9ac9a000 	C:\WINDOWS\system32\mswsock.dll
0x00007ffe77680000 - 0x00007ffe77692000 	C:\Users\Gao Haochun\.jdks\corretto-11.0.12\bin\nio.dll
0x00007ffe8ae50000 - 0x00007ffe8ae67000 	C:\WINDOWS\system32\napinsp.dll
0x00007ffe8ae30000 - 0x00007ffe8ae4b000 	C:\WINDOWS\system32\pnrpnsp.dll
0x00007ffe97420000 - 0x00007ffe97435000 	C:\WINDOWS\system32\wshbth.dll
0x00007ffe97bc0000 - 0x00007ffe97bdd000 	C:\WINDOWS\system32\NLAapi.dll
0x00007ffe9a920000 - 0x00007ffe9a95b000 	C:\WINDOWS\SYSTEM32\IPHLPAPI.DLL
0x00007ffe9a960000 - 0x00007ffe9aa2c000 	C:\WINDOWS\SYSTEM32\DNSAPI.dll
0x00007ffe9c290000 - 0x00007ffe9c298000 	C:\WINDOWS\System32\NSI.dll
0x00007ffe8ae10000 - 0x00007ffe8ae22000 	C:\WINDOWS\System32\winrnr.dll
0x00007ffe96b10000 - 0x00007ffe96b1a000 	C:\Windows\System32\rasadhlp.dll
0x00007ffe94a70000 - 0x00007ffe94aef000 	C:\WINDOWS\System32\fwpuclnt.dll
0x00007ffe9b7f0000 - 0x00007ffe9b817000 	C:\WINDOWS\System32\bcrypt.dll
0x00007ffe9ae30000 - 0x00007ffe9ae48000 	C:\WINDOWS\SYSTEM32\CRYPTSP.dll
0x00007ffe9a5b0000 - 0x00007ffe9a5e4000 	C:\WINDOWS\system32\rsaenh.dll
0x00007ffe9b450000 - 0x00007ffe9b47e000 	C:\WINDOWS\SYSTEM32\USERENV.dll
0x00007ffe9ae20000 - 0x00007ffe9ae2c000 	C:\WINDOWS\SYSTEM32\CRYPTBASE.dll
0x00007ffe96b20000 - 0x00007ffe96b37000 	C:\WINDOWS\SYSTEM32\dhcpcsvc6.DLL
0x00007ffe96df0000 - 0x00007ffe96e0d000 	C:\WINDOWS\SYSTEM32\dhcpcsvc.DLL

dbghelp: loaded successfully - version: 4.0.5 - missing functions: none
symbol engine: initialized successfully - sym options: 0x614 - pdb path: .;C:\Users\Gao Haochun\.jdks\corretto-11.0.12\bin;C:\WINDOWS\SYSTEM32;C:\WINDOWS\WinSxS\amd64_microsoft.windows.common-controls_6595b64144ccf1df_6.0.19041.1110_none_60b5254171f9507e;C:\Users\Gao Haochun\.jdks\corretto-11.0.12\bin\server

VM Arguments:
jvm_args: -Dorg.gradle.native=false -javaagent:build/tmp/expandedArchives/org.jacoco.agent-0.8.2.jar_2aca8b620b19ecd063f63feff8caaa38/jacocoagent.jar=destfile=build/jacoco/test.exec,append=true,inclnolocationclasses=false,dumponexit=true,output=file,jmx=false -Xmx512m -Dfile.encoding=UTF-8 -Duser.country=SG -Duser.language=en -Duser.variant -ea 
java_command: worker.org.gradle.process.internal.worker.GradleWorkerMain 'Gradle Test Executor 8'
java_class_path (initial): C:\Users\Gao Haochun\.gradle\caches\5.2.1\workerMain\gradle-worker.jar;D:\OneDrive - National University of Singapore\NUS\Year 3, Sem 1\CS2103\Projects\tP\build\classes\java\test;D:\OneDrive - National University of Singapore\NUS\Year 3, Sem 1\CS2103\Projects\tP\build\resources\test;D:\OneDrive - National University of Singapore\NUS\Year 3, Sem 1\CS2103\Projects\tP\build\classes\java\main;D:\OneDrive - National University of Singapore\NUS\Year 3, Sem 1\CS2103\Projects\tP\build\resources\main;C:\Users\Gao Haochun\.gradle\caches\modules-2\files-2.1\org.openjfx\javafx-fxml\11\d5ff9262ef49d166db658d15f37e3ecff38fde4b\javafx-fxml-11-win.jar;C:\Users\Gao Haochun\.gradle\caches\modules-2\files-2.1\org.openjfx\javafx-fxml\11\e0f5bb81e21054b59f2ebfa727d40a90ee0260d3\javafx-fxml-11-mac.jar;C:\Users\Gao Haochun\.gradle\caches\modules-2\files-2.1\org.openjfx\javafx-fxml\11\e7a757b580fc3e2e1a121768606c7836eef418c\javafx-fxml-11-linux.jar;C:\Users\Gao Haochun\.gradle\caches\modules-2\files-2.1\org.openjfx\javafx-controls\11\af8d24de44e16a19ae959028eb23a48c145fb682\javafx-controls-11-win.jar;C:\Users\Gao Haochun\.gradle\caches\modules-2\files-2.1\org.openjfx\javafx-controls\11\e3a24a14e8732abc6dc173f15872dc63e2a32e16\javafx-controls-11-mac.jar;C:\Users\Gao Haochun\.gradle\caches\modules-2\files-2.1\org.openjfx\javafx-controls\11\794488e3b1f4635d9a1b842bdc872a5eb8fd54ca\javafx-controls-11-linux.jar;C:\Users\Gao Haochun\.gradle\caches\modules-2\files-2.1\org.openjfx\javafx-controls\11\58d961774262ec972bf304e16c154a8e18c2050b\javafx-controls-11.jar;C:\Users\Gao Haochun\.gradle\caches\modules-2\files-2.1\org.openjfx\javafx-graphics\11\9345c7ea43dbcc73a62eca5332717b4ce617e6c6\javafx-graphics-11-win.jar;C:\Users\Gao Haochun\.gradle\caches\modules-2\files-2.1\org.openjfx\javafx-graphics\11\af47a6d3668d3ce1c61e1fe13c44471b6f8d469\javafx-graphics-11-mac.jar;C:\Users\Gao Haochun\.gradle\caches\modules-2\files-2.1\org.openjfx\javafx-graphics\11\4ab9edd8d481a42004
Launcher Type: SUN_STANDARD

[Global flags]
     intx CICompilerCount                          = 4                                         {product} {ergonomic}
     uint ConcGCThreads                            = 2                                         {product} {ergonomic}
     uint G1ConcRefinementThreads                  = 8                                         {product} {ergonomic}
   size_t G1HeapRegionSize                         = 1048576                                   {product} {ergonomic}
    uintx GCDrainStackTargetSize                   = 64                                        {product} {ergonomic}
   size_t InitialHeapSize                          = 132120576                                 {product} {ergonomic}
   size_t MarkStackSize                            = 4194304                                   {product} {ergonomic}
   size_t MaxHeapSize                              = 536870912                                 {product} {command line}
   size_t MaxNewSize                               = 321912832                                 {product} {ergonomic}
   size_t MinHeapDeltaBytes                        = 1048576                                   {product} {ergonomic}
    uintx NonNMethodCodeHeapSize                   = 5836300                                {pd product} {ergonomic}
    uintx NonProfiledCodeHeapSize                  = 122910970                              {pd product} {ergonomic}
    uintx ProfiledCodeHeapSize                     = 122910970                              {pd product} {ergonomic}
    uintx ReservedCodeCacheSize                    = 251658240                              {pd product} {ergonomic}
     bool SegmentedCodeCache                       = true                                      {product} {ergonomic}
     bool UseCompressedClassPointers               = true                                 {lp64_product} {ergonomic}
     bool UseCompressedOops                        = true                                 {lp64_product} {ergonomic}
     bool UseG1GC                                  = true                                      {product} {ergonomic}
     bool UseLargePagesIndividualAllocation        = false                                  {pd product} {ergonomic}

Logging:
Log output configuration:
 #0: stdout all=warning uptime,level,tags
 #1: stderr all=off uptime,level,tags

Environment Variables:
PATH=C:\Program Files (x86)\Intel\iCLS Client\;C:\Program Files\Intel\iCLS Client\;C:\Windows\system32;C:\Windows;C:\Windows\System32\Wbem;C:\Windows\System32\WindowsPowerShell\v1.0\;C:\Program Files (x86)\Intel\Intel(R) Management Engine Components\DAL;C:\Program Files\Intel\Intel(R) Management Engine Components\DAL;C:\Program Files (x86)\Intel\Intel(R) Management Engine Components\IPT;C:\Program Files\Intel\Intel(R) Management Engine Components\IPT;C:\Program Files (x86)\NVIDIA Corporation\PhysX\Common;C:\Program Files\Intel\WiFi\bin\;C:\Program Files\Common Files\Intel\WirelessCommon\;C:\WINDOWS\system32;C:\WINDOWS;C:\WINDOWS\System32\Wbem;C:\WINDOWS\System32\WindowsPowerShell\v1.0\;C:\WINDOWS\System32\OpenSSH\;D:\Program Files\PostgreSQL\14\bin;C:\Program Files (x86)\Pulse Secure\VC142.CRT\X64\;C:\Program Files (x86)\Pulse Secure\VC142.CRT\X86\;C:\Users\Gao Haochun\AppData\Local\Microsoft\WindowsApps;C:\Users\Gao Haochun\AppData\Local\GitHubDesktop\bin
USERNAME=Gao Haochun
OS=Windows_NT
PROCESSOR_IDENTIFIER=Intel64 Family 6 Model 142 Stepping 10, GenuineIntel



---------------  S Y S T E M  ---------------

OS: Windows 10 , 64 bit Build 19041 (10.0.19041.1202)
OS uptime: 2 days 5:15 hours

CPU:total 8 (initial active 8) (4 cores per cpu, 2 threads per core) family 6 model 142 stepping 10 microcode 0xb4, cmov, cx8, fxsr, mmx, sse, sse2, sse3, ssse3, sse4.1, sse4.2, popcnt, avx, avx2, aes, clmul, erms, 3dnowpref, lzcnt, ht, tsc, tscinvbit, bmi1, bmi2, adx, fma

Memory: 4k page, system-wide physical 8052M (414M free)
TotalPageFile size 21394M (AvailPageFile size 5M)
current process WorkingSet (physical memory assigned to process): 159M, peak: 159M
current process commit charge ("private bytes"): 269M, peak: 271M

vm_info: OpenJDK 64-Bit Server VM (11.0.12+7-LTS) for windows-amd64 JRE (11.0.12+7-LTS), built on Jul 13 2021 17:58:36 by "Administrator" with unknown MS VC++:1916

END.
